<?xml version="1.0" encoding="UTF-8" ?>
<testsuite failures="0" time="1.216" errors="0" skipped="0" tests="1" name="com.programmez.samples.gigreservation.config.code.IntegrationTests">
  <properties>
    <property name="java.runtime.name" value="OpenJDK Runtime Environment"/>
    <property name="sun.boot.library.path" value="/usr/lib/jvm/java-6-openjdk/jre/lib/amd64"/>
    <property name="java.vm.version" value="19.0-b09"/>
    <property name="java.vm.vendor" value="Sun Microsystems Inc."/>
    <property name="java.vendor.url" value="http://java.sun.com/"/>
    <property name="path.separator" value=":"/>
    <property name="java.vm.name" value="OpenJDK 64-Bit Server VM"/>
    <property name="file.encoding.pkg" value="sun.io"/>
    <property name="user.country" value="US"/>
    <property name="sun.java.launcher" value="SUN_STANDARD"/>
    <property name="sun.os.patch.level" value="unknown"/>
    <property name="java.vm.specification.name" value="Java Virtual Machine Specification"/>
    <property name="user.dir" value="/home/agnes007/NetBeansProjects/ArcadeFire"/>
    <property name="java.runtime.version" value="1.6.0_20-b20"/>
    <property name="java.awt.graphicsenv" value="sun.awt.X11GraphicsEnvironment"/>
    <property name="basedir" value="/home/agnes007/NetBeansProjects/ArcadeFire"/>
    <property name="java.endorsed.dirs" value="/usr/lib/jvm/java-6-openjdk/jre/lib/endorsed"/>
    <property name="os.arch" value="amd64"/>
    <property name="surefire.real.class.path" value="/home/agnes007/NetBeansProjects/ArcadeFire/target/surefire/surefirebooter5022342798014356556.jar"/>
    <property name="java.io.tmpdir" value="/tmp"/>
    <property name="line.separator" value="
"/>
    <property name="java.vm.specification.vendor" value="Sun Microsystems Inc."/>
    <property name="os.name" value="Linux"/>
    <property name="sun.jnu.encoding" value="UTF-8"/>
    <property name="java.library.path" value="/usr/lib/jvm/java-6-openjdk/jre/lib/amd64/server:/usr/lib/jvm/java-6-openjdk/jre/lib/amd64:/usr/lib/jvm/java-6-openjdk/jre/../lib/amd64:/usr/java/packages/lib/amd64:/usr/lib/jni:/lib:/usr/lib"/>
    <property name="surefire.test.class.path" value="/home/agnes007/NetBeansProjects/ArcadeFire/target/test-classes:/home/agnes007/NetBeansProjects/ArcadeFire/target/classes:/home/agnes007/.m2/repository/org/springframework/spring-jdbc/3.1.0.M1/spring-jdbc-3.1.0.M1.jar:/home/agnes007/.m2/repository/org/springframework/spring-beans/3.1.0.M1/spring-beans-3.1.0.M1.jar:/home/agnes007/.m2/repository/org/springframework/spring-core/3.1.0.M1/spring-core-3.1.0.M1.jar:/home/agnes007/.m2/repository/org/springframework/spring-tx/3.1.0.M1/spring-tx-3.1.0.M1.jar:/home/agnes007/.m2/repository/aopalliance/aopalliance/1.0/aopalliance-1.0.jar:/home/agnes007/.m2/repository/commons-logging/commons-logging/1.1.1/commons-logging-1.1.1.jar:/home/agnes007/.m2/repository/javax/inject/javax.inject/1/javax.inject-1.jar:/home/agnes007/.m2/repository/org/springframework/spring-context/3.1.0.M1/spring-context-3.1.0.M1.jar:/home/agnes007/.m2/repository/org/springframework/spring-aop/3.1.0.M1/spring-aop-3.1.0.M1.jar:/home/agnes007/.m2/repository/org/springframework/spring-expression/3.1.0.M1/spring-expression-3.1.0.M1.jar:/home/agnes007/.m2/repository/org/springframework/spring-asm/3.1.0.M1/spring-asm-3.1.0.M1.jar:/home/agnes007/.m2/repository/log4j/log4j/1.2.16/log4j-1.2.16.jar:/home/agnes007/.m2/repository/com/h2database/h2/1.3.152/h2-1.3.152.jar:/home/agnes007/.m2/repository/org/springframework/spring-test/3.1.0.M1/spring-test-3.1.0.M1.jar:/home/agnes007/.m2/repository/cglib/cglib-nodep/2.2/cglib-nodep-2.2.jar:/home/agnes007/.m2/repository/junit/junit/4.7/junit-4.7.jar:"/>
    <property name="java.specification.name" value="Java Platform API Specification"/>
    <property name="java.class.version" value="50.0"/>
    <property name="sun.management.compiler" value="HotSpot 64-Bit Server Compiler"/>
    <property name="os.version" value="2.6.35-28-generic"/>
    <property name="user.home" value="/home/agnes007"/>
    <property name="user.timezone" value="Europe/Paris"/>
    <property name="java.awt.printerjob" value="sun.print.PSPrinterJob"/>
    <property name="file.encoding" value="UTF-8"/>
    <property name="java.specification.version" value="1.6"/>
    <property name="user.name" value="agnes007"/>
    <property name="java.class.path" value="/home/agnes007/NetBeansProjects/ArcadeFire/target/test-classes:/home/agnes007/NetBeansProjects/ArcadeFire/target/classes:/home/agnes007/.m2/repository/org/springframework/spring-jdbc/3.1.0.M1/spring-jdbc-3.1.0.M1.jar:/home/agnes007/.m2/repository/org/springframework/spring-beans/3.1.0.M1/spring-beans-3.1.0.M1.jar:/home/agnes007/.m2/repository/org/springframework/spring-core/3.1.0.M1/spring-core-3.1.0.M1.jar:/home/agnes007/.m2/repository/org/springframework/spring-tx/3.1.0.M1/spring-tx-3.1.0.M1.jar:/home/agnes007/.m2/repository/aopalliance/aopalliance/1.0/aopalliance-1.0.jar:/home/agnes007/.m2/repository/commons-logging/commons-logging/1.1.1/commons-logging-1.1.1.jar:/home/agnes007/.m2/repository/javax/inject/javax.inject/1/javax.inject-1.jar:/home/agnes007/.m2/repository/org/springframework/spring-context/3.1.0.M1/spring-context-3.1.0.M1.jar:/home/agnes007/.m2/repository/org/springframework/spring-aop/3.1.0.M1/spring-aop-3.1.0.M1.jar:/home/agnes007/.m2/repository/org/springframework/spring-expression/3.1.0.M1/spring-expression-3.1.0.M1.jar:/home/agnes007/.m2/repository/org/springframework/spring-asm/3.1.0.M1/spring-asm-3.1.0.M1.jar:/home/agnes007/.m2/repository/log4j/log4j/1.2.16/log4j-1.2.16.jar:/home/agnes007/.m2/repository/com/h2database/h2/1.3.152/h2-1.3.152.jar:/home/agnes007/.m2/repository/org/springframework/spring-test/3.1.0.M1/spring-test-3.1.0.M1.jar:/home/agnes007/.m2/repository/cglib/cglib-nodep/2.2/cglib-nodep-2.2.jar:/home/agnes007/.m2/repository/junit/junit/4.7/junit-4.7.jar:"/>
    <property name="java.vm.specification.version" value="1.0"/>
    <property name="sun.arch.data.model" value="64"/>
    <property name="java.home" value="/usr/lib/jvm/java-6-openjdk/jre"/>
    <property name="netbeans.execution" value="true"/>
    <property name="java.specification.vendor" value="Sun Microsystems Inc."/>
    <property name="user.language" value="en"/>
    <property name="java.vm.info" value="mixed mode"/>
    <property name="java.version" value="1.6.0_20"/>
    <property name="java.ext.dirs" value="/usr/lib/jvm/java-6-openjdk/jre/lib/ext:/usr/java/packages/lib/ext"/>
    <property name="sun.boot.class.path" value="/usr/lib/jvm/java-6-openjdk/jre/lib/resources.jar:/usr/lib/jvm/java-6-openjdk/jre/lib/rt.jar:/usr/lib/jvm/java-6-openjdk/jre/lib/sunrsasign.jar:/usr/lib/jvm/java-6-openjdk/jre/lib/jsse.jar:/usr/lib/jvm/java-6-openjdk/jre/lib/jce.jar:/usr/lib/jvm/java-6-openjdk/jre/lib/charsets.jar:/usr/lib/jvm/java-6-openjdk/jre/lib/netx.jar:/usr/lib/jvm/java-6-openjdk/jre/lib/plugin.jar:/usr/lib/jvm/java-6-openjdk/jre/lib/rhino.jar:/usr/lib/jvm/java-6-openjdk/jre/lib/modules/jdk.boot.jar:/usr/lib/jvm/java-6-openjdk/jre/classes"/>
    <property name="java.vendor" value="Sun Microsystems Inc."/>
    <property name="localRepository" value="/home/agnes007/.m2/repository"/>
    <property name="file.separator" value="/"/>
    <property name="java.vendor.url.bug" value="http://java.sun.com/cgi-bin/bugreport.cgi"/>
    <property name="sun.cpu.endian" value="little"/>
    <property name="sun.io.unicode.encoding" value="UnicodeLittle"/>
    <property name="sun.desktop" value="gnome"/>
    <property name="sun.cpu.isalist" value=""/>
  </properties>
  <testcase time="1.146" classname="com.programmez.samples.gigreservation.config.code.IntegrationTests" name="orderTenTickets"/>
</testsuite>